[17:24:17] [ServerMain/INFO]: Environment: Environment[sessionHost=https://sessionserver.mojang.com, servicesHost=https://api.minecraftservices.com, profilesHost=https://api.mojang.com, name=PROD]
[17:24:18] [ServerMain/INFO]: Loaded 1461 recipes
[17:24:19] [Server thread/INFO]: Starting minecraft server version 1.21.10
[17:24:19] [Server thread/INFO]: Loading properties
[17:24:19] [Server thread/INFO]: This server is running CraftBukkit version 4567-Spigot-6e369ba-0e177ff (MC: 1.21.10) (Implementing API version 1.21.10-R0.1-SNAPSHOT)
[17:24:20] [Server thread/INFO]: *** This version of Spigot contains changes to some enums. If you notice that plugins no longer work after updating, please report this to the developers of those plugins first. ***
[17:24:20] [Server thread/INFO]: *** If you cannot update those plugins, you can try setting `settings.compatibility.enum-compatibility-mode` to `true` in `bukkit.yml`. ***
[17:24:20] [Server thread/INFO]: Debug logging is disabled
[17:24:20] [Server thread/INFO]: Server Ping Player Sample Count: 12
[17:24:20] [Server thread/INFO]: Using 4 threads for Netty based IO
[17:24:20] [Server thread/INFO]: Default game type: SURVIVAL
[17:24:20] [Server thread/INFO]: Generating keypair
[17:24:20] [Server thread/INFO]: Starting Minecraft server on *:25565
[17:24:20] [Server thread/INFO]: Using default channel type
[17:24:21] [Server thread/INFO]: [ChallengingDeathRecovery] Loading ChallengingDeathRecovery v1.0-SNAPSHOT
[17:24:21] [Server thread/INFO]: [LuckPerms] Loading LuckPerms v5.5.17
[17:24:22] [Server thread/INFO]: [LuckPerms] Loading configuration...
[17:24:22] [Server thread/INFO]: [Chunky] Loading Chunky v1.4.40
[17:24:22] [Server thread/INFO]: [PlaceholderAPI] Loading PlaceholderAPI v2.11.7
[17:24:22] [Server thread/INFO]: [SleepNotify] Loading SleepNotify v4.0
[17:24:22] [Server thread/INFO]: [Vault] Loading Vault v2.17.0
[17:24:22] [Server thread/INFO]: [DiscordSRV] Loading DiscordSRV v1.30.3
[17:24:22] [Server thread/INFO]: [ServerEssentials] Loading ServerEssentials v2.2.9
[17:24:22] [Server thread/INFO]: [LuckPerms] Enabling LuckPerms v5.5.17
[17:24:22] [Server thread/INFO]: [0;36;1m       [0;36;22m __    [m
[17:24:22] [Server thread/INFO]: [0;36;1m  |    [0;36;22m|__)   [0;32;22mLuckPerms[m [0;36;1mv5.5.17[m
[17:24:22] [Server thread/INFO]: [0;36;1m  |___ [0;36;22m|      [0;30;1mRunning on Bukkit - CraftBukkit[m
[17:24:22] [Server thread/INFO]: [m
[17:24:23] [Server thread/INFO]: [LuckPerms] Loading storage provider... [H2]
[17:24:23] [Server thread/INFO]: [LuckPerms] Loading internal permission managers...
[17:24:23] [Server thread/INFO]: [LuckPerms] Performing initial data load...
[17:24:23] [Server thread/INFO]: [LuckPerms] Successfully enabled. (took 902ms)
[17:24:23] [Server thread/INFO]: [Vault] Enabling Vault v2.17.0
[17:24:23] [Server thread/INFO]: [Vault] Enabled Version 2.17.0
[17:24:23] [Server thread/INFO]: [LuckPerms] Registered Vault permission & chat hook.
[17:24:23] [Server thread/INFO]: Preparing level "world"
[17:24:23] [Server thread/INFO]: -------- World Settings For [world] --------
[17:24:23] [Server thread/INFO]: Item Merge Radius: 2.5
[17:24:23] [Server thread/INFO]: Allow Zombie Pigmen to spawn from portal blocks: true
[17:24:23] [Server thread/INFO]: Nerfing mobs spawned from spawners: false
[17:24:23] [Server thread/INFO]: Mob Spawn Range: 6
[17:24:23] [Server thread/INFO]: Cactus Growth Modifier: 100%
[17:24:23] [Server thread/INFO]: Cane Growth Modifier: 100%
[17:24:23] [Server thread/INFO]: Melon Growth Modifier: 100%
[17:24:23] [Server thread/INFO]: Mushroom Growth Modifier: 100%
[17:24:23] [Server thread/INFO]: Pumpkin Growth Modifier: 100%
[17:24:23] [Server thread/INFO]: Sapling Growth Modifier: 100%
[17:24:23] [Server thread/INFO]: Beetroot Growth Modifier: 100%
[17:24:23] [Server thread/INFO]: Carrot Growth Modifier: 100%
[17:24:23] [Server thread/INFO]: Potato Growth Modifier: 100%
[17:24:23] [Server thread/INFO]: Wheat Growth Modifier: 100%
[17:24:23] [Server thread/INFO]: NetherWart Growth Modifier: 100%
[17:24:23] [Server thread/INFO]: Vine Growth Modifier: 100%
[17:24:23] [Server thread/INFO]: Cocoa Growth Modifier: 100%
[17:24:23] [Server thread/INFO]: Bamboo Growth Modifier: 100%
[17:24:23] [Server thread/INFO]: SweetBerry Growth Modifier: 100%
[17:24:23] [Server thread/INFO]: Kelp Growth Modifier: 100%
[17:24:23] [Server thread/INFO]: TwistingVines Growth Modifier: 100%
[17:24:23] [Server thread/INFO]: WeepingVines Growth Modifier: 100%
[17:24:23] [Server thread/INFO]: CaveVines Growth Modifier: 100%
[17:24:23] [Server thread/INFO]: Entity Activation Range: An 32 / Mo 32 / Ra 48 / Mi 16 / Tiv true / Isa false
[17:24:23] [Server thread/INFO]: Custom Map Seeds:  Village: 10387312 Desert: 14357617 Igloo: 14357618 Jungle: 14357619 Swamp: 14357620 Monument: 10387313 Ocean: 14357621 Shipwreck: 165745295 End City: 10387313 Slime: 987234911 Nether: 30084232 Mansion: 10387319 Fossil: 14357921 Portal: 34222645
[17:24:23] [Server thread/INFO]: Entity Tracking Range: Pl 48 / An 48 / Mo 48 / Mi 32 / Di 128 / Other 64
[17:24:23] [Server thread/INFO]: Max TNT Explosions: 100
[17:24:23] [Server thread/INFO]: Tile Max Tick Time: 50ms Entity max Tick Time: 50ms
[17:24:23] [Server thread/INFO]: View Distance: 20
[17:24:23] [Server thread/INFO]: Simulation Distance: 10
[17:24:23] [Server thread/INFO]: Item Despawn Rate: 6000
[17:24:23] [Server thread/INFO]: Arrow Despawn Rate: 1200 Trident Respawn Rate:1200
[17:24:23] [Server thread/INFO]: Zombie Aggressive Towards Villager: true
[17:24:23] [Server thread/INFO]: Experience Merge Radius: 3.0
[17:24:23] [Server thread/INFO]: Hopper Transfer: 8 Hopper Check: 1 Hopper Amount: 1 Hopper Can Load Chunks: false
[17:24:24] [Server thread/INFO]: -------- World Settings For [world_nether] --------
[17:24:24] [Server thread/INFO]: Item Merge Radius: 2.5
[17:24:24] [Server thread/INFO]: Allow Zombie Pigmen to spawn from portal blocks: true
[17:24:24] [Server thread/INFO]: Nerfing mobs spawned from spawners: false
[17:24:24] [Server thread/INFO]: Mob Spawn Range: 6
[17:24:24] [Server thread/INFO]: Cactus Growth Modifier: 100%
[17:24:24] [Server thread/INFO]: Cane Growth Modifier: 100%
[17:24:24] [Server thread/INFO]: Melon Growth Modifier: 100%
[17:24:24] [Server thread/INFO]: Mushroom Growth Modifier: 100%
[17:24:24] [Server thread/INFO]: Pumpkin Growth Modifier: 100%
[17:24:24] [Server thread/INFO]: Sapling Growth Modifier: 100%
[17:24:24] [Server thread/INFO]: Beetroot Growth Modifier: 100%
[17:24:24] [Server thread/INFO]: Carrot Growth Modifier: 100%
[17:24:24] [Server thread/INFO]: Potato Growth Modifier: 100%
[17:24:24] [Server thread/INFO]: Wheat Growth Modifier: 100%
[17:24:24] [Server thread/INFO]: NetherWart Growth Modifier: 100%
[17:24:24] [Server thread/INFO]: Vine Growth Modifier: 100%
[17:24:24] [Server thread/INFO]: Cocoa Growth Modifier: 100%
[17:24:24] [Server thread/INFO]: Bamboo Growth Modifier: 100%
[17:24:24] [Server thread/INFO]: SweetBerry Growth Modifier: 100%
[17:24:24] [Server thread/INFO]: Kelp Growth Modifier: 100%
[17:24:24] [Server thread/INFO]: TwistingVines Growth Modifier: 100%
[17:24:24] [Server thread/INFO]: WeepingVines Growth Modifier: 100%
[17:24:24] [Server thread/INFO]: CaveVines Growth Modifier: 100%
[17:24:24] [Server thread/INFO]: Entity Activation Range: An 32 / Mo 32 / Ra 48 / Mi 16 / Tiv true / Isa false
[17:24:24] [Server thread/INFO]: Custom Map Seeds:  Village: 10387312 Desert: 14357617 Igloo: 14357618 Jungle: 14357619 Swamp: 14357620 Monument: 10387313 Ocean: 14357621 Shipwreck: 165745295 End City: 10387313 Slime: 987234911 Nether: 30084232 Mansion: 10387319 Fossil: 14357921 Portal: 34222645
[17:24:24] [Server thread/INFO]: Entity Tracking Range: Pl 48 / An 48 / Mo 48 / Mi 32 / Di 128 / Other 64
[17:24:24] [Server thread/INFO]: Max TNT Explosions: 100
[17:24:24] [Server thread/INFO]: Tile Max Tick Time: 50ms Entity max Tick Time: 50ms
[17:24:24] [Server thread/INFO]: View Distance: 20
[17:24:24] [Server thread/INFO]: Simulation Distance: 10
[17:24:24] [Server thread/INFO]: Item Despawn Rate: 6000
[17:24:24] [Server thread/INFO]: Arrow Despawn Rate: 1200 Trident Respawn Rate:1200
[17:24:24] [Server thread/INFO]: Zombie Aggressive Towards Villager: true
[17:24:24] [Server thread/INFO]: Experience Merge Radius: 3.0
[17:24:24] [Server thread/INFO]: Hopper Transfer: 8 Hopper Check: 1 Hopper Amount: 1 Hopper Can Load Chunks: false
[17:24:24] [Server thread/INFO]: -------- World Settings For [world_the_end] --------
[17:24:24] [Server thread/INFO]: Item Merge Radius: 2.5
[17:24:24] [Server thread/INFO]: Allow Zombie Pigmen to spawn from portal blocks: true
[17:24:24] [Server thread/INFO]: Nerfing mobs spawned from spawners: false
[17:24:24] [Server thread/INFO]: Mob Spawn Range: 6
[17:24:24] [Server thread/INFO]: Cactus Growth Modifier: 100%
[17:24:24] [Server thread/INFO]: Cane Growth Modifier: 100%
[17:24:24] [Server thread/INFO]: Melon Growth Modifier: 100%
[17:24:24] [Server thread/INFO]: Mushroom Growth Modifier: 100%
[17:24:24] [Server thread/INFO]: Pumpkin Growth Modifier: 100%
[17:24:24] [Server thread/INFO]: Sapling Growth Modifier: 100%
[17:24:24] [Server thread/INFO]: Beetroot Growth Modifier: 100%
[17:24:24] [Server thread/INFO]: Carrot Growth Modifier: 100%
[17:24:24] [Server thread/INFO]: Potato Growth Modifier: 100%
[17:24:24] [Server thread/INFO]: Wheat Growth Modifier: 100%
[17:24:24] [Server thread/INFO]: NetherWart Growth Modifier: 100%
[17:24:24] [Server thread/INFO]: Vine Growth Modifier: 100%
[17:24:24] [Server thread/INFO]: Cocoa Growth Modifier: 100%
[17:24:24] [Server thread/INFO]: Bamboo Growth Modifier: 100%
[17:24:24] [Server thread/INFO]: SweetBerry Growth Modifier: 100%
[17:24:24] [Server thread/INFO]: Kelp Growth Modifier: 100%
[17:24:24] [Server thread/INFO]: TwistingVines Growth Modifier: 100%
[17:24:24] [Server thread/INFO]: WeepingVines Growth Modifier: 100%
[17:24:24] [Server thread/INFO]: CaveVines Growth Modifier: 100%
[17:24:24] [Server thread/INFO]: Entity Activation Range: An 32 / Mo 32 / Ra 48 / Mi 16 / Tiv true / Isa false
[17:24:24] [Server thread/INFO]: Custom Map Seeds:  Village: 10387312 Desert: 14357617 Igloo: 14357618 Jungle: 14357619 Swamp: 14357620 Monument: 10387313 Ocean: 14357621 Shipwreck: 165745295 End City: 10387313 Slime: 987234911 Nether: 30084232 Mansion: 10387319 Fossil: 14357921 Portal: 34222645
[17:24:24] [Server thread/INFO]: Entity Tracking Range: Pl 48 / An 48 / Mo 48 / Mi 32 / Di 128 / Other 64
[17:24:24] [Server thread/INFO]: Max TNT Explosions: 100
[17:24:24] [Server thread/INFO]: Tile Max Tick Time: 50ms Entity max Tick Time: 50ms
[17:24:24] [Server thread/INFO]: View Distance: 20
[17:24:24] [Server thread/INFO]: Simulation Distance: 10
[17:24:24] [Server thread/INFO]: Item Despawn Rate: 6000
[17:24:24] [Server thread/INFO]: Arrow Despawn Rate: 1200 Trident Respawn Rate:1200
[17:24:24] [Server thread/INFO]: Zombie Aggressive Towards Villager: true
[17:24:24] [Server thread/INFO]: Experience Merge Radius: 3.0
[17:24:24] [Server thread/INFO]: Hopper Transfer: 8 Hopper Check: 1 Hopper Amount: 1 Hopper Can Load Chunks: false
[17:24:24] [Server thread/INFO]: Loading 0 persistent chunks...
[17:24:24] [Server thread/INFO]: Preparing spawn area: 100%
[17:24:24] [Server thread/INFO]: Time elapsed: 2 ms
[17:24:24] [Server thread/INFO]: [ChallengingDeathRecovery] Enabling ChallengingDeathRecovery v1.0-SNAPSHOT
[17:24:24] [Server thread/INFO]: [Chunky] Enabling Chunky v1.4.40
[17:24:24] [Server thread/INFO]: [PlaceholderAPI] Enabling PlaceholderAPI v2.11.7
[17:24:24] [Server thread/INFO]: [PlaceholderAPI] Fetching available expansion information...
[17:24:24] [Server thread/INFO]: [PlaceholderAPI] Successfully registered internal expansion: vaultunlocked [2.13.1]
[17:24:24] [Server thread/INFO]: [SleepNotify] Enabling SleepNotify v4.0
[17:24:25] [Server thread/INFO]: [DiscordSRV] Enabling DiscordSRV v1.30.3
[17:24:25] [Server thread/INFO]: [ServerEssentials] Enabling ServerEssentials v2.2.9
[17:24:25] [Server thread/INFO]: [0;37;22m*********************[m
[17:24:25] [Server thread/INFO]: [0;30;1m[[0;32;1m[21mSUCCESS[m[0;30;1m] [0;37;1mServer Essentials has been enabled.[m
[17:24:25] [Server thread/INFO]: [0;30;1m[[0;32;1m[21mSUCCESS[m[0;30;1m] [0;37;1mConfig.yml has been initialised.[m
[17:24:25] [Server thread/INFO]: [0;30;1m[[0;32;1m[21mSUCCESS[m[0;30;1m] [0;37;1mPlaceholderAPI has been enabled.[m
[17:24:25] [Server thread/INFO]: [0;30;1m[[0;32;1m[21mSUCCESS[m[0;30;1m] [0;37;1mDiscordSRV Integration has been enabled.[m
[17:24:25] [Server thread/WARN]: [ServerEssentials] Loaded class github.scarsz.discordsrv.api.events.DiscordGuildMessagePreProcessEvent from DiscordSRV v1.30.3 which is not a depend or softdepend of this plugin.
[17:24:25] [Server thread/INFO]: [DiscordSRV] API listener me.rocketmankianproductions.serveressentials.events.DiscordMessageReceived subscribed (1 methods)
[17:24:25] [Server thread/INFO]: [0;30;1m[[0;32;1m[21mSUCCESS[m[0;30;1m] [0;37;1mVault has been enabled.[m
[17:24:25] [Server thread/INFO]: [0;30;1m[[0;32;1m[21mSUCCESS[m[0;30;1m] [0;37;1mRegistered ServerEssentials as Vault Economy provider.[m
[17:24:25] [Server thread/INFO]: [ServerEssentials] Economy provider loaded: ServerEssentials
[17:24:25] [DiscordSRV - Initialization/ERROR]: [DiscordSRV] No bot token has been set in the config; a bot token is required to connect to Discord.
[17:24:25] [Server thread/INFO]: [0;30;1m[[0;32;1m[21mSUCCESS[m[0;30;1m] [0;37;1mCommands have been enabled.[m
[17:24:25] [Server thread/INFO]: [PlaceholderAPI] Successfully registered internal expansion: se [1.0]
[17:24:25] [Server thread/INFO]: [0;30;1m[[0;32;1m[21mSUCCESS[m[0;30;1m] [0;37;1mEvents have been enabled.[m
[17:24:25] [Server thread/INFO]: [0;37;22m*********************[m
[17:24:25] [Server thread/INFO]: Server permissions file permissions.yml is empty, ignoring it
[17:24:25] [Server thread/INFO]: [PlaceholderAPI] Placeholder expansion registration initializing...
[17:24:25] [Server thread/INFO]: Done (1.800s)! For help, type "help"
[17:24:25] [Server thread/INFO]: [DiscordSRV] Disabling DiscordSRV v1.30.3
[17:24:25] [Server thread/INFO]: [0;33;22m0 placeholder hook(s) registered![m
[17:24:25] [Craft Scheduler Thread - 1/INFO]: [0;30;1m[[0;32;1m[21mSUCCESS[m[0;30;1m] [0;37;1mServer Essentials is up to date![m
[17:24:26] [pool-11-thread-1/WARN]: [DiscordSRV] Update check failed: zip file closed
[17:25:10] [Netty Server IO #1/ERROR]: Error sending packet clientbound/minecraft:disconnect
io.netty.handler.codec.EncoderException: Sending unknown packet 'clientbound/minecraft:disconnect'
	at net.minecraft.network.codec.IdDispatchCodec.a(SourceFile:50) ~[spigot-1.21.10-R0.1-SNAPSHOT.jar:4567-Spigot-6e369ba-0e177ff]
	at net.minecraft.network.codec.IdDispatchCodec.encode(SourceFile:14) ~[spigot-1.21.10-R0.1-SNAPSHOT.jar:4567-Spigot-6e369ba-0e177ff]
	at net.minecraft.network.PacketEncoder.a(SourceFile:26) [spigot-1.21.10-R0.1-SNAPSHOT.jar:4567-Spigot-6e369ba-0e177ff]
	at net.minecraft.network.PacketEncoder.encode(SourceFile:12) [spigot-1.21.10-R0.1-SNAPSHOT.jar:4567-Spigot-6e369ba-0e177ff]
	at io.netty.handler.codec.MessageToByteEncoder.write(MessageToByteEncoder.java:107) [netty-codec-4.1.118.Final.jar:4.1.118.Final]
	at io.netty.channel.AbstractChannelHandlerContext.invokeWrite0(AbstractChannelHandlerContext.java:893) [netty-transport-4.1.118.Final.jar:4.1.118.Final]
	at io.netty.channel.AbstractChannelHandlerContext.invokeWrite(AbstractChannelHandlerContext.java:875) [netty-transport-4.1.118.Final.jar:4.1.118.Final]
	at io.netty.channel.AbstractChannelHandlerContext.write(AbstractChannelHandlerContext.java:984) [netty-transport-4.1.118.Final.jar:4.1.118.Final]
	at io.netty.channel.AbstractChannelHandlerContext.write(AbstractChannelHandlerContext.java:868) [netty-transport-4.1.118.Final.jar:4.1.118.Final]
	at io.netty.channel.ChannelOutboundHandlerAdapter.write(ChannelOutboundHandlerAdapter.java:113) [netty-transport-4.1.118.Final.jar:4.1.118.Final]
	at net.minecraft.network.NetworkManager$2.write(NetworkManager.java:542) [spigot-1.21.10-R0.1-SNAPSHOT.jar:4567-Spigot-6e369ba-0e177ff]
	at io.netty.channel.AbstractChannelHandlerContext.invokeWrite0(AbstractChannelHandlerContext.java:893) [netty-transport-4.1.118.Final.jar:4.1.118.Final]
	at io.netty.channel.AbstractChannelHandlerContext.invokeWriteAndFlush(AbstractChannelHandlerContext.java:956) [netty-transport-4.1.118.Final.jar:4.1.118.Final]
	at io.netty.channel.AbstractChannelHandlerContext.write(AbstractChannelHandlerContext.java:982) [netty-transport-4.1.118.Final.jar:4.1.118.Final]
	at io.netty.channel.AbstractChannelHandlerContext.writeAndFlush(AbstractChannelHandlerContext.java:950) [netty-transport-4.1.118.Final.jar:4.1.118.Final]
	at io.netty.channel.AbstractChannelHandlerContext.writeAndFlush(AbstractChannelHandlerContext.java:1000) [netty-transport-4.1.118.Final.jar:4.1.118.Final]
	at io.netty.channel.DefaultChannelPipeline.writeAndFlush(DefaultChannelPipeline.java:974) [netty-transport-4.1.118.Final.jar:4.1.118.Final]
	at io.netty.channel.AbstractChannel.writeAndFlush(AbstractChannel.java:305) [netty-transport-4.1.118.Final.jar:4.1.118.Final]
	at net.minecraft.network.NetworkManager.c(NetworkManager.java:374) [spigot-1.21.10-R0.1-SNAPSHOT.jar:4567-Spigot-6e369ba-0e177ff]
	at net.minecraft.network.NetworkManager.b(NetworkManager.java:363) [spigot-1.21.10-R0.1-SNAPSHOT.jar:4567-Spigot-6e369ba-0e177ff]
	at net.minecraft.network.NetworkManager.a(NetworkManager.java:341) [spigot-1.21.10-R0.1-SNAPSHOT.jar:4567-Spigot-6e369ba-0e177ff]
	at net.minecraft.network.NetworkManager.a(NetworkManager.java:335) [spigot-1.21.10-R0.1-SNAPSHOT.jar:4567-Spigot-6e369ba-0e177ff]
	at net.minecraft.network.NetworkManager.exceptionCaught(NetworkManager.java:170) [spigot-1.21.10-R0.1-SNAPSHOT.jar:4567-Spigot-6e369ba-0e177ff]
	at io.netty.channel.AbstractChannelHandlerContext.invokeExceptionCaught(AbstractChannelHandlerContext.java:346) [netty-transport-4.1.118.Final.jar:4.1.118.Final]
	at io.netty.channel.AbstractChannelHandlerContext.invokeExceptionCaught(AbstractChannelHandlerContext.java:325) [netty-transport-4.1.118.Final.jar:4.1.118.Final]
	at io.netty.channel.AbstractChannelHandlerContext.fireExceptionCaught(AbstractChannelHandlerContext.java:317) [netty-transport-4.1.118.Final.jar:4.1.118.Final]
	at io.netty.channel.DefaultChannelPipeline$HeadContext.exceptionCaught(DefaultChannelPipeline.java:1324) [netty-transport-4.1.118.Final.jar:4.1.118.Final]
	at io.netty.channel.AbstractChannelHandlerContext.invokeExceptionCaught(AbstractChannelHandlerContext.java:346) [netty-transport-4.1.118.Final.jar:4.1.118.Final]
	at io.netty.channel.AbstractChannelHandlerContext.invokeExceptionCaught(AbstractChannelHandlerContext.java:325) [netty-transport-4.1.118.Final.jar:4.1.118.Final]
	at io.netty.channel.DefaultChannelPipeline.fireExceptionCaught(DefaultChannelPipeline.java:856) [netty-transport-4.1.118.Final.jar:4.1.118.Final]
	at io.netty.channel.nio.AbstractNioByteChannel$NioByteUnsafe.handleReadException(AbstractNioByteChannel.java:125) [netty-transport-4.1.118.Final.jar:4.1.118.Final]
	at io.netty.channel.nio.AbstractNioByteChannel$NioByteUnsafe.read(AbstractNioByteChannel.java:177) [netty-transport-4.1.118.Final.jar:4.1.118.Final]
	at io.netty.channel.nio.NioEventLoop.processSelectedKey(NioEventLoop.java:796) [netty-transport-4.1.118.Final.jar:4.1.118.Final]
	at io.netty.channel.nio.NioEventLoop.processSelectedKeysOptimized(NioEventLoop.java:732) [netty-transport-4.1.118.Final.jar:4.1.118.Final]
	at io.netty.channel.nio.NioEventLoop.processSelectedKeys(NioEventLoop.java:658) [netty-transport-4.1.118.Final.jar:4.1.118.Final]
	at io.netty.channel.nio.NioEventLoop.run(NioEventLoop.java:562) [netty-transport-4.1.118.Final.jar:4.1.118.Final]
	at io.netty.util.concurrent.SingleThreadEventExecutor$4.run(SingleThreadEventExecutor.java:998) [netty-common-4.1.118.Final.jar:4.1.118.Final]
	at io.netty.util.internal.ThreadExecutorMap$2.run(ThreadExecutorMap.java:74) [netty-common-4.1.118.Final.jar:4.1.118.Final]
	at java.base/java.lang.Thread.run(Thread.java:1474) [?:?]
[17:26:50] [Netty Server IO #0/ERROR]: Error sending packet clientbound/minecraft:disconnect
io.netty.handler.codec.EncoderException: Sending unknown packet 'clientbound/minecraft:disconnect'
	at net.minecraft.network.codec.IdDispatchCodec.a(SourceFile:50) ~[spigot-1.21.10-R0.1-SNAPSHOT.jar:4567-Spigot-6e369ba-0e177ff]
	at net.minecraft.network.codec.IdDispatchCodec.encode(SourceFile:14) ~[spigot-1.21.10-R0.1-SNAPSHOT.jar:4567-Spigot-6e369ba-0e177ff]
	at net.minecraft.network.PacketEncoder.a(SourceFile:26) [spigot-1.21.10-R0.1-SNAPSHOT.jar:4567-Spigot-6e369ba-0e177ff]
	at net.minecraft.network.PacketEncoder.encode(SourceFile:12) [spigot-1.21.10-R0.1-SNAPSHOT.jar:4567-Spigot-6e369ba-0e177ff]
	at io.netty.handler.codec.MessageToByteEncoder.write(MessageToByteEncoder.java:107) [netty-codec-4.1.118.Final.jar:4.1.118.Final]
	at io.netty.channel.AbstractChannelHandlerContext.invokeWrite0(AbstractChannelHandlerContext.java:893) [netty-transport-4.1.118.Final.jar:4.1.118.Final]
	at io.netty.channel.AbstractChannelHandlerContext.invokeWrite(AbstractChannelHandlerContext.java:875) [netty-transport-4.1.118.Final.jar:4.1.118.Final]
	at io.netty.channel.AbstractChannelHandlerContext.write(AbstractChannelHandlerContext.java:984) [netty-transport-4.1.118.Final.jar:4.1.118.Final]
	at io.netty.channel.AbstractChannelHandlerContext.write(AbstractChannelHandlerContext.java:868) [netty-transport-4.1.118.Final.jar:4.1.118.Final]
	at io.netty.channel.ChannelOutboundHandlerAdapter.write(ChannelOutboundHandlerAdapter.java:113) [netty-transport-4.1.118.Final.jar:4.1.118.Final]
	at net.minecraft.network.NetworkManager$2.write(NetworkManager.java:542) [spigot-1.21.10-R0.1-SNAPSHOT.jar:4567-Spigot-6e369ba-0e177ff]
	at io.netty.channel.AbstractChannelHandlerContext.invokeWrite0(AbstractChannelHandlerContext.java:893) [netty-transport-4.1.118.Final.jar:4.1.118.Final]
	at io.netty.channel.AbstractChannelHandlerContext.invokeWriteAndFlush(AbstractChannelHandlerContext.java:956) [netty-transport-4.1.118.Final.jar:4.1.118.Final]
	at io.netty.channel.AbstractChannelHandlerContext.write(AbstractChannelHandlerContext.java:982) [netty-transport-4.1.118.Final.jar:4.1.118.Final]
	at io.netty.channel.AbstractChannelHandlerContext.writeAndFlush(AbstractChannelHandlerContext.java:950) [netty-transport-4.1.118.Final.jar:4.1.118.Final]
	at io.netty.channel.AbstractChannelHandlerContext.writeAndFlush(AbstractChannelHandlerContext.java:1000) [netty-transport-4.1.118.Final.jar:4.1.118.Final]
	at io.netty.channel.DefaultChannelPipeline.writeAndFlush(DefaultChannelPipeline.java:974) [netty-transport-4.1.118.Final.jar:4.1.118.Final]
	at io.netty.channel.AbstractChannel.writeAndFlush(AbstractChannel.java:305) [netty-transport-4.1.118.Final.jar:4.1.118.Final]
	at net.minecraft.network.NetworkManager.c(NetworkManager.java:374) [spigot-1.21.10-R0.1-SNAPSHOT.jar:4567-Spigot-6e369ba-0e177ff]
	at net.minecraft.network.NetworkManager.b(NetworkManager.java:363) [spigot-1.21.10-R0.1-SNAPSHOT.jar:4567-Spigot-6e369ba-0e177ff]
	at net.minecraft.network.NetworkManager.a(NetworkManager.java:341) [spigot-1.21.10-R0.1-SNAPSHOT.jar:4567-Spigot-6e369ba-0e177ff]
	at net.minecraft.network.NetworkManager.a(NetworkManager.java:335) [spigot-1.21.10-R0.1-SNAPSHOT.jar:4567-Spigot-6e369ba-0e177ff]
	at net.minecraft.network.NetworkManager.exceptionCaught(NetworkManager.java:170) [spigot-1.21.10-R0.1-SNAPSHOT.jar:4567-Spigot-6e369ba-0e177ff]
	at io.netty.channel.AbstractChannelHandlerContext.invokeExceptionCaught(AbstractChannelHandlerContext.java:346) [netty-transport-4.1.118.Final.jar:4.1.118.Final]
	at io.netty.channel.AbstractChannelHandlerContext.invokeExceptionCaught(AbstractChannelHandlerContext.java:325) [netty-transport-4.1.118.Final.jar:4.1.118.Final]
	at io.netty.channel.AbstractChannelHandlerContext.fireExceptionCaught(AbstractChannelHandlerContext.java:317) [netty-transport-4.1.118.Final.jar:4.1.118.Final]
	at io.netty.channel.DefaultChannelPipeline$HeadContext.exceptionCaught(DefaultChannelPipeline.java:1324) [netty-transport-4.1.118.Final.jar:4.1.118.Final]
	at io.netty.channel.AbstractChannelHandlerContext.invokeExceptionCaught(AbstractChannelHandlerContext.java:346) [netty-transport-4.1.118.Final.jar:4.1.118.Final]
	at io.netty.channel.AbstractChannelHandlerContext.invokeExceptionCaught(AbstractChannelHandlerContext.java:325) [netty-transport-4.1.118.Final.jar:4.1.118.Final]
	at io.netty.channel.DefaultChannelPipeline.fireExceptionCaught(DefaultChannelPipeline.java:856) [netty-transport-4.1.118.Final.jar:4.1.118.Final]
	at io.netty.channel.nio.AbstractNioByteChannel$NioByteUnsafe.handleReadException(AbstractNioByteChannel.java:125) [netty-transport-4.1.118.Final.jar:4.1.118.Final]
	at io.netty.channel.nio.AbstractNioByteChannel$NioByteUnsafe.read(AbstractNioByteChannel.java:177) [netty-transport-4.1.118.Final.jar:4.1.118.Final]
	at io.netty.channel.nio.NioEventLoop.processSelectedKey(NioEventLoop.java:796) [netty-transport-4.1.118.Final.jar:4.1.118.Final]
	at io.netty.channel.nio.NioEventLoop.processSelectedKeysOptimized(NioEventLoop.java:732) [netty-transport-4.1.118.Final.jar:4.1.118.Final]
	at io.netty.channel.nio.NioEventLoop.processSelectedKeys(NioEventLoop.java:658) [netty-transport-4.1.118.Final.jar:4.1.118.Final]
	at io.netty.channel.nio.NioEventLoop.run(NioEventLoop.java:562) [netty-transport-4.1.118.Final.jar:4.1.118.Final]
	at io.netty.util.concurrent.SingleThreadEventExecutor$4.run(SingleThreadEventExecutor.java:998) [netty-common-4.1.118.Final.jar:4.1.118.Final]
	at io.netty.util.internal.ThreadExecutorMap$2.run(ThreadExecutorMap.java:74) [netty-common-4.1.118.Final.jar:4.1.118.Final]
	at java.base/java.lang.Thread.run(Thread.java:1474) [?:?]
[17:27:29] [User Authenticator #1/INFO]: UUID of player VincentWater is 0f201cb7-ddd9-4c19-a676-493b11b5cc44
[17:27:32] [Server thread/INFO]: [0;35;1m([0;35;22m[21mStaff[0;35;1m) VincentWater [0;37;22mhas joined the game[m
[17:27:32] [Server thread/INFO]: [+] VincentWater
[17:27:32] [Server thread/INFO]: VincentWater[/85.164.54.19:61349] logged in with entity id 1 at ([world_nether]23.978949888131595, 102.0, 1.306610144331935)
[17:27:34] [Server thread/WARN]: Can't keep up! Is the server overloaded? Running 2572ms or 51 ticks behind
[17:27:54] [Server thread/INFO]: VincentWater lost connection: Disconnected
[17:27:54] [Server thread/INFO]: [0;35;1m([0;35;22m[21mStaff[0;35;1m) VincentWater [0;37;22mhas quit the game[m
[17:27:54] [Server thread/INFO]: [-] VincentWater
[17:28:08] [Server thread/INFO]: Stopping the server
[17:28:08] [Server thread/INFO]: Stopping server
[17:28:08] [Server thread/INFO]: [ServerEssentials] Disabling ServerEssentials v2.2.9
[17:28:08] [Server thread/INFO]: [0;37;22m*********************[m
[17:28:08] [Server thread/INFO]: [0;30;1m[[0;33;22m[21mWARNING[m[0;30;1m] [0;37;1mServer Essentials has been disabled.[m
[17:28:08] [Server thread/INFO]: [0;30;1m[[0;33;22m[21mWARNING[m[0;30;1m] [0;37;1mConfig.yml has been uninitialised.[m
[17:28:08] [Server thread/INFO]: [0;30;1m[[0;33;22m[21mWARNING[m[0;30;1m] [0;37;1mPlaceholderAPI has been disabled.[m
[17:28:08] [Server thread/INFO]: [0;30;1m[[0;33;22m[21mWARNING[m[0;30;1m] [0;37;1mVault has been disabled.[m
[17:28:08] [Server thread/INFO]: [0;30;1m[[0;33;22m[21mWARNING[m[0;30;1m] [0;37;1mCommands have been disabled.[m
[17:28:08] [Server thread/INFO]: [0;30;1m[[0;33;22m[21mWARNING[m[0;30;1m] [0;37;1mEvents have been disabled.[m
[17:28:08] [Server thread/INFO]: [0;37;22m*********************[m
[17:28:08] [Server thread/INFO]: [Vault] Disabling Vault v2.17.0
[17:28:08] [Server thread/INFO]: [SleepNotify] Disabling SleepNotify v4.0
[17:28:08] [Server thread/INFO]: [PlaceholderAPI] Disabling PlaceholderAPI v2.11.7
[17:28:08] [Server thread/INFO]: [Chunky] Disabling Chunky v1.4.40
[17:28:08] [Server thread/INFO]: [LuckPerms] Disabling LuckPerms v5.5.17
[17:28:08] [Server thread/INFO]: [LuckPerms] Starting shutdown process...
[17:28:08] [Server thread/INFO]: [LuckPerms] Closing storage...
[17:28:08] [Server thread/INFO]: [LuckPerms] Goodbye!
[17:28:08] [Server thread/INFO]: [ChallengingDeathRecovery] Disabling ChallengingDeathRecovery v1.0-SNAPSHOT
[17:28:08] [Server thread/INFO]: Saving players
[17:28:08] [Server thread/INFO]: Saving worlds
[17:28:08] [Server thread/INFO]: Saving chunks for level 'ServerLevel[world]'/minecraft:overworld
[17:28:08] [Server thread/INFO]: Saving chunks for level 'ServerLevel[world_nether]'/minecraft:the_nether
[17:28:08] [Server thread/INFO]: Saving chunks for level 'ServerLevel[world_the_end]'/minecraft:the_end
[17:28:08] [Server thread/INFO]: ThreadedAnvilChunkStorage (world): All chunks are saved
[17:28:08] [Server thread/INFO]: ThreadedAnvilChunkStorage (DIM-1): All chunks are saved
[17:28:08] [Server thread/INFO]: ThreadedAnvilChunkStorage (DIM1): All chunks are saved
[17:28:08] [Server thread/INFO]: ThreadedAnvilChunkStorage: All dimensions are saved
